f:\fyp\fyp prison game\prisonescapegame\prisonescapegame\debug\vc140.pdb
f:\fyp\fyp prison game\prisonescapegame\prisonescapegame\debug\vc140.idb
f:\fyp\fyp prison game\prisonescapegame\prisonescapegame\debug\collision.obj
f:\fyp\fyp prison game\prisonescapegame\prisonescapegame\debug\guarddialogue.obj
f:\fyp\fyp prison game\prisonescapegame\prisonescapegame\debug\furniture.obj
f:\fyp\fyp prison game\prisonescapegame\prisonescapegame\debug\furnitureinv.obj
f:\fyp\fyp prison game\prisonescapegame\prisonescapegame\debug\guard.obj
f:\fyp\fyp prison game\prisonescapegame\prisonescapegame\debug\hud.obj
f:\fyp\fyp prison game\prisonescapegame\prisonescapegame\debug\instructions.obj
f:\fyp\fyp prison game\prisonescapegame\prisonescapegame\debug\main.obj
f:\fyp\fyp prison game\prisonescapegame\prisonescapegame\debug\menu.obj
f:\fyp\fyp prison game\prisonescapegame\prisonescapegame\debug\optionsmenu.obj
f:\fyp\fyp prison game\prisonescapegame\prisonescapegame\debug\player.obj
f:\fyp\fyp prison game\prisonescapegame\prisonescapegame\debug\prisoner.obj
f:\fyp\fyp prison game\prisonescapegame\prisonescapegame\debug\prisonerdialogue.obj
f:\fyp\fyp prison game\prisonescapegame\prisonescapegame\debug\prisonwalls.obj
f:\fyp\fyp prison game\prisonescapegame\prisonescapegame\debug\routine.obj
f:\fyp\fyp prison game\prisonescapegame\prisonescapegame\debug\skillitems.obj
f:\fyp\fyp prison game\prisonescapegame\prisonescapegame\debug\skillmenu.obj
f:\fyp\fyp prison game\prisonescapegame\prisonescapegame\debug\warden.obj
f:\fyp\fyp prison game\prisonescapegame\debug\prisonescapegame.ilk
f:\fyp\fyp prison game\prisonescapegame\debug\prisonescapegame.exe
f:\fyp\fyp prison game\prisonescapegame\debug\prisonescapegame.pdb
f:\fyp\fyp prison game\prisonescapegame\prisonescapegame\debug\prisonescapegame.tlog\cl.read.1.tlog
f:\fyp\fyp prison game\prisonescapegame\prisonescapegame\debug\prisonescapegame.tlog\cl.write.1.tlog
f:\fyp\fyp prison game\prisonescapegame\prisonescapegame\debug\prisonescapegame.tlog\cl.command.1.tlog
f:\fyp\fyp prison game\prisonescapegame\prisonescapegame\debug\prisonescapegame.tlog\link.command.1.tlog
f:\fyp\fyp prison game\prisonescapegame\prisonescapegame\debug\prisonescapegame.tlog\link.read.1.tlog
f:\fyp\fyp prison game\prisonescapegame\prisonescapegame\debug\prisonescapegame.tlog\link.write.1.tlog
